# JRE version: OpenJDK Runtime Environment Temurin-21.0.10+7 (21.0.10+7) (build 21.0.10+7-LTS)
# Java VM: OpenJDK 64-Bit Server VM Temurin-21.0.10+7 (21.0.10+7-LTS, mixed mode, sharing, tiered, compressed oops, compressed class ptrs, parallel gc, windows-amd64)
GC Precious Log:
 CardTable entry size: 512
 CPUs: 28 total, 28 available
 Memory: 65308M
 Large Page Support: Disabled
 NUMA Support: Disabled
 Compressed Oops: Enabled (32-bit)
 Alignments: Space 512K, Generation 512K, Heap 2M
 Heap Min Capacity: 100M
 Heap Initial Capacity: 100M
 Heap Max Capacity: 2G
 Pre-touch: Disabled
 Parallel Workers: 20
Heap:
 PSYoungGen      total 8192K, used 2677K [0x00000000d5580000, 0x00000000d6000000, 0x0000000100000000)
  eden space 7168K, 30% used [0x00000000d5580000,0x00000000d579d430,0x00000000d5c80000)
  from space 1024K, 50% used [0x00000000d5e00000,0x00000000d5e80000,0x00000000d5f00000)
  to   space 1024K, 0% used [0x00000000d5f00000,0x00000000d5f00000,0x00000000d6000000)
 ParOldGen       total 619520K, used 619231K [0x0000000080000000, 0x00000000a5d00000, 0x00000000d5580000)
  object space 619520K, 99% used [0x0000000080000000,0x00000000a5cb7f90,0x00000000a5d00000)
 Metaspace       used 70977K, committed 72832K, reserved 1114112K
  class space    used 7180K, committed 8064K, reserved 1048576K
GC Heap History (20 events):
Event: 48820.991 GC heap before
{Heap before GC invocations=1661 (full 4):
 PSYoungGen      total 6656K, used 5721K [0x00000000d5580000, 0x00000000d5f80000, 0x0000000100000000)
  eden space 3072K, 85% used [0x00000000d5580000,0x00000000d580f748,0x00000000d5880000)
  from space 3584K, 86% used [0x00000000d5880000,0x00000000d5b87000,0x00000000d5c00000)
  to   space 3584K, 0% used [0x00000000d5c00000,0x00000000d5c00000,0x00000000d5f80000)
 ParOldGen       total 563712K, used 563206K [0x0000000080000000, 0x00000000a2680000, 0x00000000d5580000)
  object space 563712K, 99% used [0x0000000080000000,0x00000000a2601920,0x00000000a2680000)
 Metaspace       used 70646K, committed 72640K, reserved 1114112K
  class space    used 7157K, committed 8064K, reserved 1048576K
}
Event: 48820.995 GC heap after
{Heap after GC invocations=1661 (full 4):
 PSYoungGen      total 5120K, used 1569K [0x00000000d5580000, 0x00000000d5e00000, 0x0000000100000000)
  eden space 3072K, 0% used [0x00000000d5580000,0x00000000d5580000,0x00000000d5880000)
  from space 2048K, 76% used [0x00000000d5c00000,0x00000000d5d88468,0x00000000d5e00000)
  to   space 2560K, 0% used [0x00000000d5900000,0x00000000d5900000,0x00000000d5b80000)
 ParOldGen       total 566784K, used 566058K [0x0000000080000000, 0x00000000a2980000, 0x00000000d5580000)
  object space 566784K, 99% used [0x0000000080000000,0x00000000a28ca920,0x00000000a2980000)
 Metaspace       used 70646K, committed 72640K, reserved 1114112K
  class space    used 7157K, committed 8064K, reserved 1048576K
}
Event: 48821.000 GC heap before
{Heap before GC invocations=1662 (full 4):
 PSYoungGen      total 5120K, used 4641K [0x00000000d5580000, 0x00000000d5e00000, 0x0000000100000000)
  eden space 3072K, 100% used [0x00000000d5580000,0x00000000d5880000,0x00000000d5880000)
  from space 2048K, 76% used [0x00000000d5c00000,0x00000000d5d88468,0x00000000d5e00000)
  to   space 2560K, 0% used [0x00000000d5900000,0x00000000d5900000,0x00000000d5b80000)
 ParOldGen       total 566784K, used 566058K [0x0000000080000000, 0x00000000a2980000, 0x00000000d5580000)
  object space 566784K, 99% used [0x0000000080000000,0x00000000a28ca920,0x00000000a2980000)
 Metaspace       used 70646K, committed 72640K, reserved 1114112K
  class space    used 7157K, committed 8064K, reserved 1048576K
}
Event: 48821.003 GC heap after
{Heap after GC invocations=1662 (full 4):
 PSYoungGen      total 6144K, used 2529K [0x00000000d5580000, 0x00000000d6280000, 0x0000000100000000)
  eden space 3584K, 0% used [0x00000000d5580000,0x00000000d5580000,0x00000000d5900000)
  from space 2560K, 98% used [0x00000000d5900000,0x00000000d5b78448,0x00000000d5b80000)
  to   space 4608K, 0% used [0x00000000d5e00000,0x00000000d5e00000,0x00000000d6280000)
 ParOldGen       total 567808K, used 567667K [0x0000000080000000, 0x00000000a2a80000, 0x00000000d5580000)
  object space 567808K, 99% used [0x0000000080000000,0x00000000a2a5cd88,0x00000000a2a80000)
 Metaspace       used 70646K, committed 72640K, reserved 1114112K
  class space    used 7157K, committed 8064K, reserved 1048576K
}
Event: 48821.013 GC heap before
{Heap before GC invocations=1663 (full 4):
 PSYoungGen      total 6144K, used 6113K [0x00000000d5580000, 0x00000000d6280000, 0x0000000100000000)
  eden space 3584K, 100% used [0x00000000d5580000,0x00000000d5900000,0x00000000d5900000)
  from space 2560K, 98% used [0x00000000d5900000,0x00000000d5b78448,0x00000000d5b80000)
  to   space 4608K, 0% used [0x00000000d5e00000,0x00000000d5e00000,0x00000000d6280000)
 ParOldGen       total 567808K, used 567667K [0x0000000080000000, 0x00000000a2a80000, 0x00000000d5580000)
  object space 567808K, 99% used [0x0000000080000000,0x00000000a2a5cd88,0x00000000a2a80000)
 Metaspace       used 70646K, committed 72640K, reserved 1114112K
  class space    used 7157K, committed 8064K, reserved 1048576K
}
Event: 48821.017 GC heap after
{Heap after GC invocations=1663 (full 4):
 PSYoungGen      total 8704K, used 3808K [0x00000000d5580000, 0x00000000d6200000, 0x0000000100000000)
  eden space 4608K, 0% used [0x00000000d5580000,0x00000000d5580000,0x00000000d5a00000)
  from space 4096K, 92% used [0x00000000d5e00000,0x00000000d61b8000,0x00000000d6200000)
  to   space 4096K, 0% used [0x00000000d5a00000,0x00000000d5a00000,0x00000000d5e00000)
 ParOldGen       total 570368K, used 570300K [0x0000000080000000, 0x00000000a2d00000, 0x00000000d5580000)
  object space 570368K, 99% used [0x0000000080000000,0x00000000a2cef1d0,0x00000000a2d00000)
 Metaspace       used 70646K, committed 72640K, reserved 1114112K
  class space    used 7157K, committed 8064K, reserved 1048576K
}
Event: 48821.032 GC heap before
{Heap before GC invocations=1664 (full 4):
 PSYoungGen      total 8704K, used 8416K [0x00000000d5580000, 0x00000000d6200000, 0x0000000100000000)
  eden space 4608K, 100% used [0x00000000d5580000,0x00000000d5a00000,0x00000000d5a00000)
  from space 4096K, 92% used [0x00000000d5e00000,0x00000000d61b8000,0x00000000d6200000)
  to   space 4096K, 0% used [0x00000000d5a00000,0x00000000d5a00000,0x00000000d5e00000)
 ParOldGen       total 570368K, used 570300K [0x0000000080000000, 0x00000000a2d00000, 0x00000000d5580000)
  object space 570368K, 99% used [0x0000000080000000,0x00000000a2cef1d0,0x00000000a2d00000)
 Metaspace       used 70647K, committed 72640K, reserved 1114112K
  class space    used 7157K, committed 8064K, reserved 1048576K
}
Event: 48821.037 GC heap after
{Heap after GC invocations=1664 (full 4):
 PSYoungGen      total 8704K, used 4096K [0x00000000d5580000, 0x00000000d6d00000, 0x0000000100000000)
  eden space 4608K, 0% used [0x00000000d5580000,0x00000000d5580000,0x00000000d5a00000)
  from space 4096K, 100% used [0x00000000d5a00000,0x00000000d5e00000,0x00000000d5e00000)
  to   space 9216K, 0% used [0x00000000d6400000,0x00000000d6400000,0x00000000d6d00000)
 ParOldGen       total 574464K, used 574260K [0x0000000080000000, 0x00000000a3100000, 0x00000000d5580000)
  object space 574464K, 99% used [0x0000000080000000,0x00000000a30cd1d0,0x00000000a3100000)
 Metaspace       used 70647K, committed 72640K, reserved 1114112K
  class space    used 7157K, committed 8064K, reserved 1048576K
}
Event: 48821.046 GC heap before
{Heap before GC invocations=1665 (full 4):
 PSYoungGen      total 8704K, used 8704K [0x00000000d5580000, 0x00000000d6d00000, 0x0000000100000000)
  eden space 4608K, 100% used [0x00000000d5580000,0x00000000d5a00000,0x00000000d5a00000)
  from space 4096K, 100% used [0x00000000d5a00000,0x00000000d5e00000,0x00000000d5e00000)
  to   space 9216K, 0% used [0x00000000d6400000,0x00000000d6400000,0x00000000d6d00000)
 ParOldGen       total 574464K, used 574260K [0x0000000080000000, 0x00000000a3100000, 0x00000000d5580000)
  object space 574464K, 99% used [0x0000000080000000,0x00000000a30cd1d0,0x00000000a3100000)
 Metaspace       used 70675K, committed 72640K, reserved 1114112K
  class space    used 7157K, committed 8064K, reserved 1048576K
}
Event: 48821.050 GC heap after
{Heap after GC invocations=1665 (full 4):
 PSYoungGen      total 10752K, used 4672K [0x00000000d5580000, 0x00000000d6900000, 0x0000000100000000)
  eden space 5632K, 0% used [0x00000000d5580000,0x00000000d5580000,0x00000000d5b00000)
  from space 5120K, 91% used [0x00000000d6400000,0x00000000d6890278,0x00000000d6900000)
  to   space 6144K, 0% used [0x00000000d5d00000,0x00000000d5d00000,0x00000000d6300000)
 ParOldGen       total 578560K, used 578364K [0x0000000080000000, 0x00000000a3500000, 0x00000000d5580000)
  object space 578560K, 99% used [0x0000000080000000,0x00000000a34cf1d0,0x00000000a3500000)
 Metaspace       used 70675K, committed 72640K, reserved 1114112K
  class space    used 7157K, committed 8064K, reserved 1048576K
}
Event: 48821.078 GC heap before
{Heap before GC invocations=1666 (full 4):
 PSYoungGen      total 10752K, used 10304K [0x00000000d5580000, 0x00000000d6900000, 0x0000000100000000)
  eden space 5632K, 100% used [0x00000000d5580000,0x00000000d5b00000,0x00000000d5b00000)
  from space 5120K, 91% used [0x00000000d6400000,0x00000000d6890278,0x00000000d6900000)
  to   space 6144K, 0% used [0x00000000d5d00000,0x00000000d5d00000,0x00000000d6300000)
 ParOldGen       total 578560K, used 578364K [0x0000000080000000, 0x00000000a3500000, 0x00000000d5580000)
  object space 578560K, 99% used [0x0000000080000000,0x00000000a34cf1d0,0x00000000a3500000)
 Metaspace       used 70779K, committed 72704K, reserved 1114112K
  class space    used 7170K, committed 8064K, reserved 1048576K
}
Event: 48821.082 GC heap after
{Heap after GC invocations=1666 (full 4):
 PSYoungGen      total 11264K, used 3968K [0x00000000d5580000, 0x00000000d6580000, 0x0000000100000000)
  eden space 7168K, 0% used [0x00000000d5580000,0x00000000d5580000,0x00000000d5c80000)
  from space 4096K, 96% used [0x00000000d5d00000,0x00000000d60e0000,0x00000000d6100000)
  to   space 4608K, 0% used [0x00000000d6100000,0x00000000d6100000,0x00000000d6580000)
 ParOldGen       total 582656K, used 582444K [0x0000000080000000, 0x00000000a3900000, 0x00000000d5580000)
  object space 582656K, 99% used [0x0000000080000000,0x00000000a38cb1d0,0x00000000a3900000)
 Metaspace       used 70779K, committed 72704K, reserved 1114112K
  class space    used 7170K, committed 8064K, reserved 1048576K
}
Event: 48821.165 GC heap before
{Heap before GC invocations=1667 (full 4):
 PSYoungGen      total 11264K, used 11136K [0x00000000d5580000, 0x00000000d6580000, 0x0000000100000000)
  eden space 7168K, 100% used [0x00000000d5580000,0x00000000d5c80000,0x00000000d5c80000)
  from space 4096K, 96% used [0x00000000d5d00000,0x00000000d60e0000,0x00000000d6100000)
  to   space 4608K, 0% used [0x00000000d6100000,0x00000000d6100000,0x00000000d6580000)
 ParOldGen       total 614400K, used 613164K [0x0000000080000000, 0x00000000a5800000, 0x00000000d5580000)
  object space 614400K, 99% used [0x0000000080000000,0x00000000a56cb200,0x00000000a5800000)
 Metaspace       used 70865K, committed 72768K, reserved 1114112K
  class space    used 7171K, committed 8064K, reserved 1048576K
}
Event: 48821.170 GC heap after
{Heap after GC invocations=1667 (full 4):
 PSYoungGen      total 10752K, used 3328K [0x00000000d5580000, 0x00000000d6480000, 0x0000000100000000)
  eden space 7168K, 0% used [0x00000000d5580000,0x00000000d5580000,0x00000000d5c80000)
  from space 3584K, 92% used [0x00000000d6100000,0x00000000d6440000,0x00000000d6480000)
  to   space 4096K, 0% used [0x00000000d5c80000,0x00000000d5c80000,0x00000000d6080000)
 ParOldGen       total 616448K, used 615956K [0x0000000080000000, 0x00000000a5a00000, 0x00000000d5580000)
  object space 616448K, 99% used [0x0000000080000000,0x00000000a5985200,0x00000000a5a00000)
 Metaspace       used 70865K, committed 72768K, reserved 1114112K
  class space    used 7171K, committed 8064K, reserved 1048576K
}
Event: 48851.125 GC heap before
{Heap before GC invocations=1668 (full 4):
 PSYoungGen      total 10752K, used 10488K [0x00000000d5580000, 0x00000000d6480000, 0x0000000100000000)
  eden space 7168K, 99% used [0x00000000d5580000,0x00000000d5c7e328,0x00000000d5c80000)
  from space 3584K, 92% used [0x00000000d6100000,0x00000000d6440000,0x00000000d6480000)
  to   space 4096K, 0% used [0x00000000d5c80000,0x00000000d5c80000,0x00000000d6080000)
 ParOldGen       total 616448K, used 615956K [0x0000000080000000, 0x00000000a5a00000, 0x00000000d5580000)
  object space 616448K, 99% used [0x0000000080000000,0x00000000a5985200,0x00000000a5a00000)
 Metaspace       used 70875K, committed 72768K, reserved 1114112K
  class space    used 7171K, committed 8064K, reserved 1048576K
}
Event: 48851.128 GC heap after
{Heap after GC invocations=1668 (full 4):
 PSYoungGen      total 7680K, used 512K [0x00000000d5580000, 0x00000000d6180000, 0x0000000100000000)
  eden space 7168K, 0% used [0x00000000d5580000,0x00000000d5580000,0x00000000d5c80000)
  from space 512K, 100% used [0x00000000d5c80000,0x00000000d5d00000,0x00000000d5d00000)
  to   space 2048K, 0% used [0x00000000d5f80000,0x00000000d5f80000,0x00000000d6180000)
 ParOldGen       total 619008K, used 618935K [0x0000000080000000, 0x00000000a5c80000, 0x00000000d5580000)
  object space 619008K, 99% used [0x0000000080000000,0x00000000a5c6df90,0x00000000a5c80000)
 Metaspace       used 70875K, committed 72768K, reserved 1114112K
  class space    used 7171K, committed 8064K, reserved 1048576K
}
Event: 48994.852 GC heap before
{Heap before GC invocations=1669 (full 4):
 PSYoungGen      total 7680K, used 7680K [0x00000000d5580000, 0x00000000d6180000, 0x0000000100000000)
  eden space 7168K, 100% used [0x00000000d5580000,0x00000000d5c80000,0x00000000d5c80000)
  from space 512K, 100% used [0x00000000d5c80000,0x00000000d5d00000,0x00000000d5d00000)
  to   space 2048K, 0% used [0x00000000d5f80000,0x00000000d5f80000,0x00000000d6180000)
 ParOldGen       total 619008K, used 618935K [0x0000000080000000, 0x00000000a5c80000, 0x00000000d5580000)
  object space 619008K, 99% used [0x0000000080000000,0x00000000a5c6df90,0x00000000a5c80000)
 Metaspace       used 70880K, committed 72768K, reserved 1114112K
  class space    used 7171K, committed 8064K, reserved 1048576K
}
Event: 48994.853 GC heap after
{Heap after GC invocations=1669 (full 4):
 PSYoungGen      total 7680K, used 416K [0x00000000d5580000, 0x00000000d6000000, 0x0000000100000000)
  eden space 7168K, 0% used [0x00000000d5580000,0x00000000d5580000,0x00000000d5c80000)
  from space 512K, 81% used [0x00000000d5f80000,0x00000000d5fe8000,0x00000000d6000000)
  to   space 1024K, 0% used [0x00000000d5e00000,0x00000000d5e00000,0x00000000d5f00000)
 ParOldGen       total 619520K, used 619055K [0x0000000080000000, 0x00000000a5d00000, 0x00000000d5580000)
  object space 619520K, 99% used [0x0000000080000000,0x00000000a5c8bf90,0x00000000a5d00000)
 Metaspace       used 70880K, committed 72768K, reserved 1114112K
  class space    used 7171K, committed 8064K, reserved 1048576K
}
Event: 55157.150 GC heap before
{Heap before GC invocations=1670 (full 4):
 PSYoungGen      total 7680K, used 7584K [0x00000000d5580000, 0x00000000d6000000, 0x0000000100000000)
  eden space 7168K, 100% used [0x00000000d5580000,0x00000000d5c80000,0x00000000d5c80000)
  from space 512K, 81% used [0x00000000d5f80000,0x00000000d5fe8000,0x00000000d6000000)
  to   space 1024K, 0% used [0x00000000d5e00000,0x00000000d5e00000,0x00000000d5f00000)
 ParOldGen       total 619520K, used 619055K [0x0000000080000000, 0x00000000a5d00000, 0x00000000d5580000)
  object space 619520K, 99% used [0x0000000080000000,0x00000000a5c8bf90,0x00000000a5d00000)
 Metaspace       used 70977K, committed 72832K, reserved 1114112K
  class space    used 7180K, committed 8064K, reserved 1048576K
}
Event: 55157.168 GC heap after
{Heap after GC invocations=1670 (full 4):
 PSYoungGen      total 8192K, used 512K [0x00000000d5580000, 0x00000000d6000000, 0x0000000100000000)
  eden space 7168K, 0% used [0x00000000d5580000,0x00000000d5580000,0x00000000d5c80000)
  from space 1024K, 50% used [0x00000000d5e00000,0x00000000d5e80000,0x00000000d5f00000)
  to   space 1024K, 0% used [0x00000000d5f00000,0x00000000d5f00000,0x00000000d6000000)
 ParOldGen       total 619520K, used 619231K [0x0000000080000000, 0x00000000a5d00000, 0x00000000d5580000)
  object space 619520K, 99% used [0x0000000080000000,0x00000000a5cb7f90,0x00000000a5d00000)
 Metaspace       used 70977K, committed 72832K, reserved 1114112K
  class space    used 7180K, committed 8064K, reserved 1048576K
}

