# JRE version: OpenJDK Runtime Environment Corretto-17.0.14.7.1 (17.0.14+7) (build 17.0.14+7-LTS)
# Java VM: OpenJDK 64-Bit Server VM Corretto-17.0.14.7.1 (17.0.14+7-LTS, mixed mode, sharing, tiered, compressed oops, compressed class ptrs, g1 gc, windows-amd64)
GC Precious Log:
 CPUs: 28 total, 28 available
 Memory: 65308M
 Large Page Support: Disabled
 NUMA Support: Disabled
 Compressed Oops: Enabled (Zero based)
 Heap Region Size: 8M
 Heap Min Capacity: 8M
 Heap Initial Capacity: 1G
 Heap Max Capacity: 16328M
 Pre-touch: Disabled
 Parallel Workers: 20
 Concurrent Workers: 5
 Concurrent Refinement Workers: 20
 Periodic GC: Disabled
Heap:
 garbage-first heap   total 114688K, used 41797K [0x0000000403800000, 0x0000000800000000)
  region size 8192K, 2 young (16384K), 1 survivors (8192K)
 Metaspace       used 65309K, committed 65856K, reserved 1114112K
  class space    used 8690K, committed 8960K, reserved 1048576K
GC Heap History (20 events):
Event: 2.196 GC heap before
{Heap before GC invocations=2 (full 0):
 garbage-first heap   total 1048576K, used 39161K [0x0000000403800000, 0x0000000800000000)
  region size 8192K, 5 young (40960K), 1 survivors (8192K)
 Metaspace       used 21178K, committed 21504K, reserved 1114112K
  class space    used 2570K, committed 2752K, reserved 1048576K
}
Event: 2.198 GC heap after
{Heap after GC invocations=3 (full 0):
 garbage-first heap   total 1048576K, used 16556K [0x0000000403800000, 0x0000000800000000)
  region size 8192K, 1 young (8192K), 1 survivors (8192K)
 Metaspace       used 21178K, committed 21504K, reserved 1114112K
  class space    used 2570K, committed 2752K, reserved 1048576K
}
Event: 3.106 GC heap before
{Heap before GC invocations=4 (full 0):
 garbage-first heap   total 114688K, used 73900K [0x0000000403800000, 0x0000000800000000)
  region size 8192K, 8 young (65536K), 1 survivors (8192K)
 Metaspace       used 25770K, committed 26112K, reserved 1114112K
  class space    used 3192K, committed 3392K, reserved 1048576K
}
Event: 3.109 GC heap after
{Heap after GC invocations=5 (full 0):
 garbage-first heap   total 114688K, used 20478K [0x0000000403800000, 0x0000000800000000)
  region size 8192K, 1 young (8192K), 1 survivors (8192K)
 Metaspace       used 25770K, committed 26112K, reserved 1114112K
  class space    used 3192K, committed 3392K, reserved 1048576K
}
Event: 3.227 GC heap before
{Heap before GC invocations=5 (full 0):
 garbage-first heap   total 114688K, used 28670K [0x0000000403800000, 0x0000000800000000)
  region size 8192K, 2 young (16384K), 1 survivors (8192K)
 Metaspace       used 27278K, committed 27648K, reserved 1114112K
  class space    used 3395K, committed 3584K, reserved 1048576K
}
Event: 3.232 GC heap after
{Heap after GC invocations=6 (full 0):
 garbage-first heap   total 114688K, used 21206K [0x0000000403800000, 0x0000000800000000)
  region size 8192K, 1 young (8192K), 1 survivors (8192K)
 Metaspace       used 27278K, committed 27648K, reserved 1114112K
  class space    used 3395K, committed 3584K, reserved 1048576K
}
Event: 3.821 GC heap before
{Heap before GC invocations=6 (full 0):
 garbage-first heap   total 114688K, used 62166K [0x0000000403800000, 0x0000000800000000)
  region size 8192K, 6 young (49152K), 1 survivors (8192K)
 Metaspace       used 32835K, committed 33280K, reserved 1114112K
  class space    used 4126K, committed 4352K, reserved 1048576K
}
Event: 3.824 GC heap after
{Heap after GC invocations=7 (full 0):
 garbage-first heap   total 114688K, used 23238K [0x0000000403800000, 0x0000000800000000)
  region size 8192K, 1 young (8192K), 1 survivors (8192K)
 Metaspace       used 32835K, committed 33280K, reserved 1114112K
  class space    used 4126K, committed 4352K, reserved 1048576K
}
Event: 4.259 GC heap before
{Heap before GC invocations=7 (full 0):
 garbage-first heap   total 114688K, used 39622K [0x0000000403800000, 0x0000000800000000)
  region size 8192K, 5 young (40960K), 1 survivors (8192K)
 Metaspace       used 35511K, committed 35968K, reserved 1114112K
  class space    used 4505K, committed 4736K, reserved 1048576K
}
Event: 4.263 GC heap after
{Heap after GC invocations=8 (full 0):
 garbage-first heap   total 114688K, used 24340K [0x0000000403800000, 0x0000000800000000)
  region size 8192K, 1 young (8192K), 1 survivors (8192K)
 Metaspace       used 35511K, committed 35968K, reserved 1114112K
  class space    used 4505K, committed 4736K, reserved 1048576K
}
Event: 4.956 GC heap before
{Heap before GC invocations=9 (full 0):
 garbage-first heap   total 114688K, used 73492K [0x0000000403800000, 0x0000000800000000)
  region size 8192K, 7 young (57344K), 1 survivors (8192K)
 Metaspace       used 42709K, committed 43136K, reserved 1114112K
  class space    used 5586K, committed 5760K, reserved 1048576K
}
Event: 4.961 GC heap after
{Heap after GC invocations=10 (full 0):
 garbage-first heap   total 114688K, used 30765K [0x0000000403800000, 0x0000000800000000)
  region size 8192K, 1 young (8192K), 1 survivors (8192K)
 Metaspace       used 42709K, committed 43136K, reserved 1114112K
  class space    used 5586K, committed 5760K, reserved 1048576K
}
Event: 5.856 GC heap before
{Heap before GC invocations=10 (full 0):
 garbage-first heap   total 114688K, used 71725K [0x0000000403800000, 0x0000000800000000)
  region size 8192K, 6 young (49152K), 1 survivors (8192K)
 Metaspace       used 47783K, committed 48320K, reserved 1114112K
  class space    used 6426K, committed 6656K, reserved 1048576K
}
Event: 5.860 GC heap after
{Heap after GC invocations=11 (full 0):
 garbage-first heap   total 114688K, used 34522K [0x0000000403800000, 0x0000000800000000)
  region size 8192K, 1 young (8192K), 1 survivors (8192K)
 Metaspace       used 47783K, committed 48320K, reserved 1114112K
  class space    used 6426K, committed 6656K, reserved 1048576K
}
Event: 6.422 GC heap before
{Heap before GC invocations=11 (full 0):
 garbage-first heap   total 114688K, used 75482K [0x0000000403800000, 0x0000000800000000)
  region size 8192K, 6 young (49152K), 1 survivors (8192K)
 Metaspace       used 53275K, committed 53760K, reserved 1114112K
  class space    used 7156K, committed 7424K, reserved 1048576K
}
Event: 6.426 GC heap after
{Heap after GC invocations=12 (full 0):
 garbage-first heap   total 114688K, used 37724K [0x0000000403800000, 0x0000000800000000)
  region size 8192K, 1 young (8192K), 1 survivors (8192K)
 Metaspace       used 53275K, committed 53760K, reserved 1114112K
  class space    used 7156K, committed 7424K, reserved 1048576K
}
Event: 21.409 GC heap before
{Heap before GC invocations=12 (full 0):
 garbage-first heap   total 114688K, used 62300K [0x0000000403800000, 0x0000000800000000)
  region size 8192K, 5 young (40960K), 1 survivors (8192K)
 Metaspace       used 59632K, committed 60160K, reserved 1114112K
  class space    used 7989K, committed 8256K, reserved 1048576K
}
Event: 21.415 GC heap after
{Heap after GC invocations=13 (full 0):
 garbage-first heap   total 114688K, used 39684K [0x0000000403800000, 0x0000000800000000)
  region size 8192K, 1 young (8192K), 1 survivors (8192K)
 Metaspace       used 59632K, committed 60160K, reserved 1114112K
  class space    used 7989K, committed 8256K, reserved 1048576K
}
Event: 37.451 GC heap before
{Heap before GC invocations=14 (full 0):
 garbage-first heap   total 114688K, used 72452K [0x0000000403800000, 0x0000000800000000)
  region size 8192K, 5 young (40960K), 1 survivors (8192K)
 Metaspace       used 64575K, committed 65152K, reserved 1114112K
  class space    used 8671K, committed 8960K, reserved 1048576K
}
Event: 37.455 GC heap after
{Heap after GC invocations=15 (full 0):
 garbage-first heap   total 114688K, used 41768K [0x0000000403800000, 0x0000000800000000)
  region size 8192K, 1 young (8192K), 1 survivors (8192K)
 Metaspace       used 64575K, committed 65152K, reserved 1114112K
  class space    used 8671K, committed 8960K, reserved 1048576K
}

